<?xml version="1.0" encoding="UTF-8"?>
<!-- Generated by org.testng.reporters.JUnitXMLReporter -->
<testsuite hostname="DESKTOP-REH8PLD" ignored="0" tests="5" failures="0" timestamp="2024-01-30T13:30:56 MSK" time="0.0" errors="0">
  <testcase name="addStudent_uniqueID" time="0.0" classname="StudentListTest"/>
  <testcase name="findStudent_fail" time="0.0" classname="StudentListTest"/>
  <testcase name="findStudent_success" time="0.0" classname="StudentListTest"/>
  <testcase name="getStudent_fail" time="0.0" classname="StudentListTest"/>
  <testcase name="getStudent_success" time="0.0" classname="StudentListTest"/>
</testsuite>
