<?xml version="1.0" encoding="UTF-8"?>
<!-- Generated by org.testng.reporters.JUnitXMLReporter -->
<testsuite hostname="DESKTOP-REH8PLD" ignored="0" tests="5" failures="0" timestamp="2024-01-30T12:44:18 MSK" time="0.005" errors="0">
  <testcase name="StudentList_addStudent_uniqueID" time="0.0" classname="StudentListTest"/>
  <testcase name="StudentList_findStudent_fail" time="0.0" classname="StudentListTest"/>
  <testcase name="StudentList_findStudent_success" time="0.0" classname="StudentListTest"/>
  <testcase name="StudentList_getStudent_fail" time="0.0" classname="StudentListTest"/>
  <testcase name="StudentList_getStudent_success" time="0.0" classname="StudentListTest"/>
</testsuite>
