<?xml version="1.0" encoding="UTF-8"?>
<!-- Generated by org.testng.reporters.JUnitXMLReporter -->
<testsuite hostname="DESKTOP-REH8PLD" ignored="1" tests="4" failures="0" timestamp="2024-01-30T12:44:18 MSK" time="0.163" errors="0">
  <testcase name="FtpClient_getData_test_failIP" time="0.054" classname="FtpClientTest"/>
  <testcase name="FtpClient_getData_test_failLogin" time="0.001" classname="FtpClientTest"/>
  <testcase name="FtpClient_getData_test_failPass" time="0.04" classname="FtpClientTest"/>
  <testcase name="FtpClient_getData_test_success" time="0.044" classname="FtpClientTest"/>
  <testcase name="FtpClient_getData_test_failConnect" time="0.0" classname="FtpClientTest">
    <ignored/>
  </testcase> <!-- FtpClient_getData_test_failConnect -->
</testsuite>
